0 info it worked if it ends with ok
1 verbose cli [ 'C:\\Program Files\\nodejs\\\\node.exe',
1 verbose cli   'C:\\Program Files\\nodejs\\node_modules\\npm\\bin\\npm-cli.js',
1 verbose cli   'start' ]
2 info using npm@1.2.18
3 info using node@v0.10.5
4 verbose node symlink C:\Program Files\nodejs\\node.exe
5 verbose read json c:\Sean\ProductivityTracker\package.json
6 warn package.json productivity-tracker@0.0.1 No README.md file found!
7 verbose run-script [ 'prestart', 'start', 'poststart' ]
8 info prestart productivity-tracker@0.0.1
9 info start productivity-tracker@0.0.1
10 verbose unsafe-perm in lifecycle true
11 silly exec cmd "/c" "node ./bin/www"
12 silly cmd,/c,node ./bin/www,c:\Sean\ProductivityTracker spawning
13 info productivity-tracker@0.0.1 Failed to exec start script
14 error productivity-tracker@0.0.1 start: `node ./bin/www`
14 error `cmd "/c" "node ./bin/www"` failed with 8
15 error Failed at the productivity-tracker@0.0.1 start script.
15 error This is most likely a problem with the productivity-tracker package,
15 error not with npm itself.
15 error Tell the author that this fails on your system:
15 error     node ./bin/www
15 error You can get their info via:
15 error     npm owner ls productivity-tracker
15 error There is likely additional logging output above.
16 error System Windows_NT 6.1.7601
17 error command "C:\\Program Files\\nodejs\\\\node.exe" "C:\\Program Files\\nodejs\\node_modules\\npm\\bin\\npm-cli.js" "start"
18 error cwd c:\Sean\ProductivityTracker
19 error node -v v0.10.5
20 error npm -v 1.2.18
21 error code ELIFECYCLE
22 verbose exit [ 1, true ]
